[0mPOST /api/user/skill [31m500[0m 0.919 ms - 30[0m
[0mPOST /api/user/search [31m500[0m 1258.488 ms - 32[0m
[0mPOST /api/user/search [31m500[0m 1128.444 ms - 32[0m
[0mPOST /api/user/search [31m500[0m 932.027 ms - 32[0m
[0mPOST /api/user/search [31m500[0m 2137.046 ms - 32[0m
[0mPOST /api/user/search [31m500[0m 2087.296 ms - 32[0m
[0mPOST /api/user/search [31m500[0m 29.877 ms - 32[0m
[0mPOST /api/user/search [31m500[0m 193.952 ms - 32[0m
[0mPOST /api/user/search [31m500[0m 1062.661 ms - 32[0m
[0mPOST /api/user/search [31m500[0m 1114.552 ms - 32[0m
[0mPOST /api/user/search [31m500[0m 1138.561 ms - 32[0m
[0mPOST /api/user/search [31m500[0m 3967.335 ms - 51[0m
[0mPOST /api/user/search [31m500[0m 1627.414 ms - 51[0m
[0mPOST /api/user/search [31m500[0m 1131.747 ms - 29[0m
[0mPOST /api/user/search [31m500[0m 1118.765 ms - 31[0m
[0mPOST /api/user/search [31m500[0m 933.850 ms - 26[0m
[0mPOST /api/user/search [31m500[0m 4475.468 ms - 26[0m
[0mGET /api/auth/discord/return?code=3RdkTxSaTw5PiPdf3ecflDgRN5XfgA [31m500[0m 21154.629 ms - 51[0m
[0mGET /favicon.ico [33m404[0m 1.566 ms - 150[0m
[0mPOST /api/auth/googleAuthSingIn [31m500[0m 1570.113 ms - 87[0m
[0mPOST /api/user/search [31m500[0m 1370.732 ms - 42[0m
[0mPOST /api/user/search [31m500[0m 917.037 ms - 42[0m
[0mPOST /api/user/search [31m500[0m 9.989 ms - 51[0m
[0mPOST /api/user/search [31m500[0m 69.848 ms - 51[0m
[0mPOST /api/user/search [31m500[0m 1561.193 ms - 42[0m
[0mPOST /api/user/search [31m500[0m 830.504 ms - 42[0m
[0mPOST /api/user/search [31m500[0m 1081.069 ms - 42[0m
[0mPOST /api/user/search [31m500[0m 813.004 ms - 42[0m
[0mPOST /api/user/search [31m500[0m 306.246 ms - 51[0m
[0mPOST /api/user/search [31m500[0m 44.485 ms - 51[0m
[0mPOST /api/user/search [31m500[0m 114.598 ms - 30[0m
[0mPOST /api/user/search [31m500[0m 1.533 ms - 30[0m
[0mPOST /api/user/search [31m500[0m 1.855 ms - 30[0m
[0mPOST /api/user/search [31m500[0m 12071.432 ms - 30[0m
[0mPOST /api/user/search [31m500[0m 145.077 ms - 30[0m
[0mPOST /api/user/search [31m500[0m 20.740 ms - 30[0m
[0mPOST /api/user/search [31m500[0m 2129.279 ms - 30[0m
[0mPOST /api/user/search [31m500[0m 2127.585 ms - 30[0m
[0mPOST /api/user/search [31m500[0m 2890.984 ms - 30[0m
[0mPOST /api/v2/auth/register [31m500[0m 354.604 ms - 61[0m
[0mPOST /api/v2/auth/register [31m500[0m 527.900 ms - 45[0m
[0mPOST /api/v2/auth/register [31m500[0m 615.778 ms - 45[0m
[0mPOST /api/v2/auth/register [31m500[0m 561.914 ms - 45[0m
[0mPOST /api/v2/auth/register [31m500[0m 314.937 ms - 45[0m
[0mPOST /api/v2/auth/register [31m500[0m 292.049 ms - 61[0m
[0mPOST /api/v2/auth/register [31m500[0m 72.361 ms - 61[0m
[0mPOST /api/v2/auth/register [31m500[0m 341.769 ms - 45[0m
[0mPOST /api/v2/auth/dashboard [31m500[0m 203.816 ms - 51[0m
[0mPOST /api/v2/auth/dashboard [31m500[0m 627.988 ms - 51[0m
[0mPOST /api/v2/auth/dashboard [31m500[0m 324.675 ms - 51[0m
[0mPOST /api/v2/auth/dashboard [31m500[0m 649.976 ms - 51[0m
[0mPOST /api/v2/auth/dashboard [31m500[0m 293.633 ms - 51[0m
[0mPOST /api/v2/auth/dashboard [31m500[0m 267.353 ms - 51[0m
[0mPOST /api/v2/auth/dashboard [31m500[0m 495.697 ms - 51[0m
[0mPOST /api/v2/auth/dashboard [31m500[0m 752.686 ms - 51[0m
[0mPOST /api/v2/auth/dashboard [31m500[0m 247.560 ms - 51[0m
[0mPOST /api/v2/auth/dashboard [31m500[0m 449.170 ms - 51[0m
[0mPOST /api/v2/auth/dashboard [31m500[0m 3.378 ms - 51[0m
[0mPOST /api/v2/auth/dashboard [31m500[0m 2.648 ms - 51[0m
[0mPOST /api/v2/auth/dashboard [31m500[0m 4.810 ms - 51[0m
[0mPOST /api/v2/auth/dashboard [31m500[0m 2.467 ms - 51[0m
[0mPOST /api/v2/auth/dashboard [31m500[0m 3.605 ms - 51[0m
[0mPOST /api/v2/auth/dashboard [31m500[0m 3.675 ms - 51[0m
[0mPOST /api/v2/auth/dashboard [31m500[0m 285.243 ms - 51[0m
[0mPOST /api/v2/auth/dashboard [31m500[0m 252.573 ms - 51[0m
[0mPOST /api/v2/auth/dashboard [31m500[0m 253.607 ms - 51[0m
[0mPOST /api/v2/auth/dashboard [31m500[0m 258.199 ms - 51[0m
[0mPOST /api/v2/auth/dashboard [31m500[0m 491.618 ms - 51[0m
[0mPOST /api/v2/auth/dashboard [31m500[0m 252.621 ms - 51[0m
[0mPOST /api/v2/auth/dashboard [31m500[0m 458.918 ms - 51[0m
[0mPOST /api/v2/auth/dashboard [31m500[0m 235.675 ms - 51[0m
[0mPOST /api/v2/auth/dashboard [31m500[0m 282.785 ms - 51[0m
[0mPOST /api/v2/auth/dashboard [31m500[0m 97.311 ms - 51[0m
[0mPOST /api/v2/auth/dashboard [31m500[0m 239.490 ms - 51[0m
[0mPOST /api/v2/auth/dashboard [31m500[0m 4.158 ms - 51[0m
[0mPOST /api/v2/auth/dashboard [31m500[0m 102.082 ms - 51[0m
[0mPOST /api/v2/auth/dashboard [31m500[0m 255.019 ms - 51[0m
[0mPOST /api/v2/auth/dashboard [31m500[0m 590.027 ms - 51[0m
[0mGET /api/v2/api/v2/auth/discord [33m404[0m 25.857 ms - 165[0m
[0mGET /api/v2/auth/discord/return?code=fvKCwvzS2Ngp6r1G5QQUQiZMhbmb9U [31m500[0m 1110.031 ms - 51[0m
[0mGET /favicon.ico [33m404[0m 1.427 ms - 150[0m
[0mGET /api/v2/auth/discord/return?code=IbPBr7wsdkHjgHCJttkBVGoirMiLWC [31m500[0m 2308.965 ms - 51[0m
[0mGET /api/v2/auth/discord/return?code=3G4HimJ7Xo8NjQoMvvqPc99w8z3iHu [31m500[0m 1987.585 ms - 51[0m
[0mGET /api/v2/auth/discord/return?code=rvSzCKCWdbkTSQQ4wCal8TPIUP9yAd [31m500[0m 1899.186 ms - 51[0m
[0mGET /api/v2/auth/discord/return?code=pBADkdU5zvscrSt1FpNCg1rjqLSEIf [31m500[0m 2144.458 ms - 51[0m
[0mGET /api/v2/auth/discord/return?code=eROXpbVjklNTpEsb6JPouLXENGNaLl [31m500[0m 1862.287 ms - 51[0m
[0mGET /favicon.ico [33m404[0m 2.093 ms - 150[0m
[0mPOST /api/v2/auth/discord/register [31m500[0m 561.706 ms - 59[0m
[0mGET /api/v2/auth/discord/return?code=sbqhU2rEk0Z10PgfFF61DlCrYnGLDf [31m500[0m 1993.454 ms - 51[0m
[0mPOST /api/v2/auth/dashboard [31m500[0m 708.448 ms - 51[0m
[0mPOST /api/v2/auth/dashboard [31m500[0m 115.623 ms - 51[0m
[0mPOST /api/v2/auth/dashboard [31m500[0m 28.551 ms - 51[0m
[0mPOST /api/v2/task/dashboard [33m404[0m 2.140 ms - 161[0m
[0mPOST /api/v2/task/dashboard [33m404[0m 0.803 ms - 161[0m
[0mPOST /api/v2/task/dashboard [33m404[0m 0.868 ms - 161[0m
[0mPOST /api/v2/task/dashboard [33m404[0m 1.272 ms - 161[0m
[0mPOST /api/v2/task/dashboard [33m404[0m 1.431 ms - 161[0m
[0mPOST /api/v2/task/dashboard [33m404[0m 1.445 ms - 161[0m
[0mPOST /api/v2/task/dashboard [33m404[0m 0.685 ms - 161[0m
[0mPOST /api/v2/task/dashboard [33m404[0m 1.658 ms - 161[0m
[0mPOST /api/v2/task/dashboard [33m404[0m 0.537 ms - 161[0m
[0mPOST /api/v2/task/dashboard [33m404[0m 1.802 ms - 161[0m
[0mPOST /api/v2/task/dashboard [33m404[0m 0.683 ms - 161[0m
[0mPOST /api/v2/task/dashboard [33m404[0m 1.473 ms - 161[0m
[0mPOST /api/v2/task/dashboard [33m404[0m 209.672 ms - 161[0m
[0mPOST /api/v2/task/dashboard [33m404[0m 488.366 ms - 161[0m
[0mPOST /api/v2/task/dashboard [33m404[0m 1.422 ms - 161[0m
[0mPOST /api/v2/task/dashboard [33m404[0m 1.043 ms - 161[0m
[0mPOST /api/v2/task/dashboard [33m404[0m 115.715 ms - 161[0m
[0mPOST /api/v2/task/dashboard [33m404[0m 3.467 ms - 161[0m
[0mPOST /api/v2/task/dashboard [33m404[0m 1.275 ms - 161[0m
[0mPOST /api/v2/task/dashboard [33m404[0m 1.002 ms - 161[0m
[0mPOST /api/v2/task/dashboard [33m404[0m 0.587 ms - 161[0m
[0mPOST /api/v2/task/dashboard [33m404[0m 2.050 ms - 161[0m
[0mPOST /api/v2/task/dashboard [33m404[0m 0.642 ms - 161[0m
[0mPOST /api/v2/task/dashboard [33m404[0m 345.264 ms - 161[0m
[0mPOST /api/v2/task/dashboard [33m404[0m 1.952 ms - 161[0m
[0mPOST /api/v2/task/dashboard [33m404[0m 1.792 ms - 161[0m
[0mPOST /api/v2/task/dashboard [33m404[0m 0.709 ms - 161[0m
[0mPOST /api/v1/million/register [33m404[0m 845.663 ms - 163[0m
[0mGET /api/v1/million/register [33m404[0m 0.926 ms - 162[0m
[0mPOST /api/v1/million/register [33m400[0m 21.150 ms - 16[0m
[0mGET /favicon.ico [33m404[0m 1.772 ms - 150[0m
[0mGET /images/total_go [33m404[0m 122.376 ms - 154[0m
[0mPOST /api/v1/million/getTokenInfo [33m400[0m 579.040 ms - 16[0m
[0mPOST /api/v1/million/getTokenInfo [33m400[0m 1.419 ms - 16[0m
[0mPOST /api/v1/million/getTokenInfo [33m400[0m 2.600 ms - 16[0m
[0mPOST /api/v1/million/getTokenInfo [33m400[0m 0.921 ms - 16[0m
[0mPOST /api/v1/million/getTokenInfo [33m400[0m 0.326 ms - 16[0m
[0mPOST /api/v1/million/getTokenInfo [33m400[0m 193.032 ms - 16[0m
[0mPOST /api/v1/million/getTokenInfo [33m400[0m 1.499 ms - 16[0m
[0mPOST /api/v1/million/getTokenInfo [33m400[0m 1.588 ms - 16[0m
[0mPOST /api/v1/million/getTokenInfo [33m400[0m 1.623 ms - 16[0m
[0mPOST /api/v1/million/getTokenInfo [33m400[0m 1.111 ms - 16[0m
[0mPOST /api/v1/million/getTokenInfo [33m400[0m 1.967 ms - 16[0m
[0mPOST /api/v1/million/getTokenInfo [33m400[0m 8.142 ms - 16[0m
[0mPOST /api/v1/million/getTokenInfo [33m400[0m 1.304 ms - 16[0m
[0mPOST /api/v1/million/getTokenInfo [33m400[0m 1.286 ms - 16[0m
[0mPOST /api/v1/million/getTokenInfo [33m400[0m 1.590 ms - 16[0m
[0mPOST /api/v1/million/getTokenInfo [33m400[0m 1.256 ms - 16[0m
[0mPOST /api/v1/million/getTokenInfo [33m400[0m 1.820 ms - 16[0m
[0mPOST /api/v1/million/getTokenInfo [33m400[0m 1.453 ms - 16[0m
[0mPOST /api/v1/million/getTokenInfo [33m400[0m 1.459 ms - 16[0m
[0mPOST /api/v1/million/getTokenInfo [33m400[0m 1.131 ms - 16[0m
[0mPOST /api/v1/million/getTokenInfo [33m400[0m 1.262 ms - 16[0m
[0mPOST /api/v1/million/getTokenInfo [33m400[0m 1.875 ms - 16[0m
[0mPOST /api/v1/million/getTokenInfo [33m400[0m 1.610 ms - 16[0m
[0mPOST /api/v1/million/getTokenInfo [33m400[0m 14.733 ms - 16[0m
[0mPOST /api/v1/million/getTokenInfo [33m400[0m 0.961 ms - 16[0m
[0mPOST /api/v1/million/getTokenInfo [33m400[0m 1.314 ms - 16[0m
[0mPOST /api/v1/million/getTokenInfo [33m400[0m 113.737 ms - 16[0m
[0mPOST /api/v1/million/getTokenInfo [33m400[0m 14.631 ms - 16[0m
[0mPOST /api/v1/million/getTokenInfo [33m400[0m 21.052 ms - 16[0m
[0mPOST /api/v1/million/getTokenInfo [33m400[0m 1.052 ms - 16[0m
[0mPOST /api/v1/million/getTokenInfo [33m400[0m 1.057 ms - 16[0m
[0mPOST /api/v1/million/getTokenInfo [33m400[0m 1.082 ms - 16[0m
[0mPOST /api/v1/million/getTokenInfo [33m400[0m 101.389 ms - 16[0m
[0mPOST /api/v1/million/getTokenInfo [33m400[0m 0.927 ms - 16[0m
[0mPOST /api/v1/million/getTokenInfo [33m400[0m 1.610 ms - 16[0m
[0mPOST /api/v1/million/getTokenInfo [33m400[0m 16.473 ms - 16[0m
[0mPOST /api/v1/million/getTokenInfo [33m400[0m 1.002 ms - 16[0m
[0mPOST /api/v1/million/getTokenInfo [33m400[0m 1.065 ms - 16[0m
[0mPOST /api/v1/million/getTokenInfo [33m400[0m 1.182 ms - 16[0m
[0mGET /favicon.ico [33m404[0m 136.966 ms - 150[0m
[0mPOST /api/v1/million/tokenMinted [31m500[0m 1168.106 ms - 51[0m
[0mPOST /api/v1/million/tokenMinted [31m500[0m 3253.782 ms - 51[0m
[0mPOST /api/v1/million/tokenMinted [31m500[0m 2898.209 ms - 51[0m
[0mPOST /api/v1/million/tokenMinted [31m500[0m 4203.698 ms - 51[0m
[0mPOST /api/v1/million/tokenMinted [31m500[0m 3773.308 ms - 51[0m
[0mPOST /api/v1/million/tokenMinted [31m500[0m 2835.190 ms - 51[0m
[0mPOST /api/v1/million/tokenMinted [33m400[0m 19076.874 ms - 866[0m
[0mPOST /api/v1/million/tokenMinted [31m500[0m 9889.877 ms - 51[0m
[0mPOST /api/v1/million/tokenMinted [33m400[0m 24540.345 ms - 866[0m
[0mPOST /api/v1/million/tokenMinted [33m400[0m 10569.310 ms - 866[0m
[0mPOST /api/v1/million/tokenMinted [33m400[0m 8685.231 ms - 866[0m
[0mPOST /api/v1/million/tokenMinted [33m400[0m 8796.471 ms - 866[0m
[0mPOST /api/v1/million/tokenMinted [33m400[0m 9844.229 ms - 866[0m
[0mPOST /api/v1/million/tokenMinted [33m400[0m 15653.729 ms - 866[0m
[0mPOST /api/v1/million/tokenMinted [33m400[0m 9413.195 ms - 866[0m
[0mPOST /api/v1/million/tokenMinted [33m400[0m 33810.690 ms - 866[0m
[0mPOST /api/v1/million/tokenMinted [33m400[0m 24867.956 ms - 866[0m
[0mPOST /api/v1/million/tokenMinted [33m400[0m 20909.908 ms - 866[0m
[0mGET /api/v1/million/mintedTokens [31m500[0m 417.292 ms - 51[0m
[0mGET /api/v1/million/mintedTokens [31m500[0m 31.705 ms - 51[0m
[0mGET /api/v1/million/mintedTokens [31m500[0m 780.108 ms - 51[0m
[0mPOST /api/v1/million/getTokenInfo [31m500[0m 5032.422 ms - 51[0m
[0mPOST /api/v1/million/tokenMinted [31m500[0m 2.665 ms - 60[0m
[0mPOST /api/v1/million/tokenMinted [31m500[0m 1.192 ms - 60[0m
[0mPOST /api/v1/million/tokenMinted [31m500[0m 1.618 ms - 60[0m
[0mPOST /api/v1/million/tokenMinted [31m500[0m 1.513 ms - 60[0m
[0mPOST /api/v1/million/tokenMinted [31m500[0m 1.322 ms - 60[0m
[0mPOST /api/v1/million/tokenMinted [31m500[0m 0.833 ms - 60[0m
[0mPOST /api/v1/million/tokenMinted [31m500[0m 1.044 ms - 60[0m
[0mPOST /api/v1/million/tokenMinted [31m500[0m 0.577 ms - 60[0m
[0mPOST /api/v1/million/tokenMinted [31m500[0m 0.665 ms - 60[0m
[0mPOST /api/v1/million/tokenMinted [31m500[0m 1.069 ms - 60[0m
[0mPOST /api/v1/million/tokenMinted [31m500[0m 0.516 ms - 60[0m
[0mPOST /api/v1/million/tokenMinted [31m500[0m 0.712 ms - 60[0m
[0mPOST /api/v1/million/tokenMinted [31m500[0m 0.628 ms - 60[0m
[0mPOST /api/v1/million/tokenMinted [31m500[0m 0.897 ms - 60[0m
[0mPOST /api/v1/million/tokenMinted [31m500[0m 0.703 ms - 60[0m
[0mPOST /api/v1/million/tokenMinted [31m500[0m 3.964 ms - 60[0m
[0mPOST /api/v1/million/tokenMinted [31m500[0m 0.519 ms - 60[0m
[0mPOST /api/v1/million/tokenMinted [31m500[0m 540.955 ms - 60[0m
[0mPOST /api/v1/million/tokenMinted [31m500[0m 293.605 ms - 60[0m
[0mGET /resiz [33m404[0m 988.745 ms - 144[0m
[0mGET /resizeImage/ [33m404[0m 24.825 ms - 151[0m
[0mGET /resizeImage/1217.png [33m404[0m 1.040 ms - 159[0m
[0mGET /images/groupImage/6.png [33m404[0m 885.221 ms - 162[0m
[0mPOST /api/v1/million/tokenMinted [31m500[0m 922.100 ms - 60[0m
[0mGET /images/groupImage/7.png [33m404[0m 1.914 ms - 162[0m
[0mPOST /api/v1/million/tokenMinted [31m500[0m 441.255 ms - 60[0m
[0mPOST /api/v1/million/uploadTokenMetadata [31m500[0m 176.418 ms - 51[0m
[0mPOST /api/v1/million/uploadTokenMetadata [31m500[0m 175.033 ms - 51[0m
[0mPOST /api/v1/million/uploadTokenMetadata [31m500[0m 26.884 ms - 51[0m
[0mPOST /api/v1/million/uploadTokenMetadata [31m500[0m 28.813 ms - 51[0m
[0mPOST /api/v1/million/uploadTokenMetadata [33m404[0m 8.410 ms - 174[0m
[0mPOST /api/v1/million/uploadTokenMetadata [33m404[0m 0.831 ms - 174[0m
[0mPOST /api/v1/million/uploadTokenMetadata [33m404[0m 1.248 ms - 174[0m
[0mPOST /api/v1/million/uploadTokenMetadata [33m404[0m 1.461 ms - 174[0m
[0mPOST /api/v1/million/uploadTokenMetadata [31m500[0m 2377.465 ms - 45[0m
[0mPOST /api/v1/million/uploadTokenMetadata [31m500[0m 2567.526 ms - 2[0m
[0mPOST /api/v1/million/uploadTokenMetadata [31m500[0m 1910.792 ms - 2[0m
[0mPOST /api/v1/million/uploadTokenMetadata [31m500[0m 2615.903 ms - 2[0m
[0mPOST /api/v1/million/uploadTokenMetadata [31m500[0m 5116.891 ms - 2[0m
[0mGET /api/v1/million/uploadTokenMetadata [33m404[0m 948.621 ms - 173[0m
[0mPOST /api/v1/million/updateTokenMetadata [33m404[0m 4.068 ms - 174[0m
[0mPOST /api/v1/million/updateTokenMetadata [31m500[0m 305.241 ms - 51[0m
[0mGET /images/resizeImage/7854.png?t=1646804905171 [33m404[0m 7.015 ms - 166[0m
[0mPOST /api/v1/million/updateTokenMetadata [31m500[0m 27.018 ms - 51[0m
[0mPOST /api/v1/million/updateTokenMetadata [31m500[0m 193.972 ms - 51[0m
[0mPOST /api/v1/million/updateTokenMetadata [31m500[0m 269.042 ms - 51[0m
[0mPOST /api/v1/million/updateTokenMetadata [31m500[0m 676.437 ms - 51[0m
[0mPOST /api/v1/million/updateTokenMetadata [31m500[0m 484.532 ms - 51[0m
[0mGET /images/resizeImage/318.png?t=1646835460177 [33m404[0m 790.150 ms - 165[0m
[0mGET /images/resizeImage/715.png?t=1646835615239 [33m404[0m 10.765 ms - 165[0m
[0mPOST /fileUpload [33m404[0m 4.106 ms - 150[0m
[0mPOST /api/v1/exportToPdf [33m404[0m 2.756 ms - 158[0m
[0mGET /api/v1/exportToPdf [33m404[0m 2.595 ms - 157[0m
